[2021-05-12T14:12:34.320] [INFO] wallapop - API: Mostradas las ofertas disponibles 
[2021-05-12T14:12:45.237] [INFO] wallapop - API: Mostradas las ofertas disponibles 
[2021-05-12T14:12:56.212] [INFO] wallapop - API: Se ha insertado el mensaje
[2021-05-12T14:12:56.401] [INFO] wallapop - API: Se ha insertado el mensaje
[2021-05-12T14:12:58.126] [INFO] wallapop - API: Se han listado las conversaciones
[2021-05-12T14:12:58.904] [INFO] wallapop - API: Mensaje obtenido correctamente
[2021-05-12T14:13:00.451] [INFO] wallapop - API: Se han listado las conversaciones
[2021-05-12T14:13:01.170] [INFO] wallapop - API: Se han listado las conversaciones
[2021-05-12T14:13:01.224] [INFO] wallapop - API: Mensaje obtenido correctamente
[2021-05-12T14:13:05.120] [INFO] wallapop - API: Se han listado las conversaciones
[2021-05-12T14:13:10.138] [INFO] wallapop - API: Se han listado las conversaciones
[2021-05-12T14:13:15.465] [INFO] wallapop - API: Se han listado las conversaciones
[2021-05-12T14:13:16.244] [INFO] wallapop - API: Mensaje obtenido correctamente
[2021-05-12T14:13:16.791] [INFO] wallapop - API: Se han listado las conversaciones
[2021-05-12T14:13:22.932] [INFO] wallapop - API: Mostradas las ofertas disponibles 
[2021-05-12T14:13:36.042] [INFO] wallapop - API: Se han listado las conversaciones
[2021-05-12T14:13:36.881] [INFO] wallapop - API: Mensaje obtenido correctamente
[2021-05-12T14:13:37.044] [INFO] wallapop - API: Se ha insertado el mensaje
[2021-05-12T14:13:37.779] [INFO] wallapop - API: Se han listado las conversaciones
[2021-05-12T14:13:38.136] [INFO] wallapop - API: Se han listado las conversaciones
[2021-05-12T14:13:38.540] [INFO] wallapop - API: Mensaje obtenido correctamente
[2021-05-12T14:13:38.890] [INFO] wallapop - API: Se han listado las conversaciones
[2021-05-12T14:13:38.937] [INFO] wallapop - API: Mensaje obtenido correctamente
[2021-05-12T14:13:42.828] [INFO] wallapop - API: Se han listado las conversaciones
[2021-05-12T14:13:48.075] [INFO] wallapop - API: Se han listado las conversaciones
[2021-05-12T14:13:53.178] [INFO] wallapop - API: Se han listado las conversaciones
[2021-05-12T14:13:53.951] [INFO] wallapop - API: Mensaje obtenido correctamente
[2021-05-12T14:13:54.533] [INFO] wallapop - API: Se han listado las conversaciones
[2021-05-12T14:14:00.690] [INFO] wallapop - API: Mostradas las ofertas disponibles 
[2021-05-12T14:14:10.928] [INFO] wallapop - API: Se han listado las conversaciones
[2021-05-12T14:14:11.691] [INFO] wallapop - API: Mensaje obtenido correctamente
[2021-05-12T14:14:11.928] [INFO] wallapop - API: Se ha insertado el mensaje
[2021-05-12T14:14:13.689] [INFO] wallapop - API: Se han listado las conversaciones
[2021-05-12T14:14:14.526] [INFO] wallapop - API: Mensaje obtenido correctamente
[2021-05-12T14:14:15.938] [INFO] wallapop - API: Se han listado las conversaciones
[2021-05-12T14:14:16.575] [INFO] wallapop - API: Se han listado las conversaciones
[2021-05-12T14:14:16.678] [INFO] wallapop - API: Mensaje obtenido correctamente
[2021-05-12T14:14:16.902] [INFO] wallapop - API: Mostradas las ofertas disponibles 
[2021-05-12T14:14:28.532] [INFO] wallapop - API: Se ha insertado el mensaje
[2021-05-12T14:14:29.364] [INFO] wallapop - API: Se ha insertado el mensaje
[2021-05-12T14:14:30.078] [INFO] wallapop - API: Se han listado las conversaciones
[2021-05-12T14:14:30.856] [INFO] wallapop - API: Mensaje obtenido correctamente
[2021-05-12T14:14:32.548] [INFO] wallapop - API: Se han listado las conversaciones
[2021-05-12T14:14:33.284] [INFO] wallapop - API: Se han listado las conversaciones
[2021-05-12T14:14:34.259] [INFO] wallapop - API: Mensaje obtenido correctamente
[2021-05-12T14:14:36.987] [INFO] wallapop - API: Se han listado las conversaciones
[2021-05-12T14:14:42.358] [INFO] wallapop - API: Se han listado las conversaciones
[2021-05-12T14:14:43.064] [INFO] wallapop - API: Mensaje obtenido correctamente
[2021-05-12T14:14:43.752] [INFO] wallapop - API: Se han listado las conversaciones
[2021-05-12T14:14:44.595] [INFO] wallapop - API: Mensaje obtenido correctamente
[2021-05-12T14:14:47.476] [INFO] wallapop - API: Se han listado las conversaciones
[2021-05-12T14:14:48.238] [INFO] wallapop - API: Mensaje obtenido correctamente
[2021-05-12T14:14:48.729] [INFO] wallapop - API: Se han listado las conversaciones
[2021-05-12T14:14:48.865] [INFO] wallapop - API: Se han listado las conversaciones
[2021-05-12T14:14:49.481] [INFO] wallapop - API: Mensaje obtenido correctamente
[2021-05-12T14:14:54.635] [INFO] wallapop - API: Se han listado las conversaciones
[2021-05-12T14:14:54.636] [INFO] wallapop - API: Se han listado las conversaciones
[2021-05-12T14:14:57.375] [INFO] wallapop - API: Se han listado las conversaciones
[2021-05-12T14:14:58.501] [INFO] wallapop - API: Mensaje obtenido correctamente
[2021-05-12T14:14:59.608] [INFO] wallapop - API: Se han listado las conversaciones
[2021-05-12T14:14:59.791] [INFO] wallapop - API: Se han listado las conversaciones
[2021-05-12T14:15:05.686] [INFO] wallapop - API: Mostradas las ofertas disponibles 
[2021-05-12T14:15:10.589] [INFO] wallapop - API: Se han listado las conversaciones
[2021-05-12T14:15:20.756] [INFO] wallapop - API: Se han listado las conversaciones
[2021-05-12T14:15:21.493] [INFO] wallapop - API: Se han eliminado los mensajes
[2021-05-12T14:15:21.876] [INFO] wallapop - API: Se han listado las conversaciones
[2021-05-12T14:15:42.481] [INFO] wallapop - API: Mostradas las ofertas disponibles 
[2021-05-12T14:15:47.091] [INFO] wallapop - API: Se han listado las conversaciones
[2021-05-12T14:15:52.529] [INFO] wallapop - API: Se han listado las conversaciones
[2021-05-12T14:15:53.653] [INFO] wallapop - API: Se han eliminado los mensajes
[2021-05-12T14:15:54.030] [INFO] wallapop - API: Se han listado las conversaciones
